<?xml version="1.0" encoding="UTF-8"?>
<testsuite xmlns:xsi="http://www.w3.org/2001/XMLSchema-instance" xsi:noNamespaceSchemaLocation="https://maven.apache.org/surefire/maven-surefire-plugin/xsd/surefire-test-report-3.0.xsd" version="3.0" name="com.healthtrack.UsuarioTest" time="0.212" tests="4" errors="0" skipped="0" failures="1">
  <properties>
[...]
</properties>
  <testcase name="testGetPesoInicial" classname="com.healthtrack.UsuarioTest" time="0.149"/>
  <testcase name="testActualizarPesoConBugActual" classname="com.healthtrack.UsuarioTest" time="0.002"/>
  <testcase name="testActualizarPesoDeberiaAsignarNuevoValor" classname="com.healthtrack.UsuarioTest" time="0.013">
    <failure message="El peso no fue actualizado correctamente ==&gt; expected: &lt;72.5&gt; but was: &lt;69.0&gt;" type="org.opentest4j.AssertionFailedError"><![CDATA[org.opentest4j.AssertionFailedError: El peso no fue actualizado correctamente ==> expected: <72.5> but was: <69.0>
	at org.junit.jupiter.api.AssertionFailureBuilder.build(AssertionFailureBuilder.java:151)
	at org.junit.jupiter.api.AssertionFailureBuilder.buildAndThrow(AssertionFailureBuilder.java:132)
	at org.junit.jupiter.api.AssertEquals.failNotEqual(AssertEquals.java:197)
	at org.junit.jupiter.api.AssertEquals.assertEquals(AssertEquals.java:70)
	at org.junit.jupiter.api.Assertions.assertEquals(Assertions.java:925)
	at com.healthtrack.UsuarioTest.testActualizarPesoDeberiaAsignarNuevoValor(AppTest.java:29)
	at java.base/java.lang.reflect.Method.invoke(Method.java:580)
	at java.base/java.util.ArrayList.forEach(ArrayList.java:1596)
	at java.base/java.util.ArrayList.forEach(ArrayList.java:1596)
]]></failure>
  </testcase>
  <testcase name="testGetNombre" classname="com.healthtrack.UsuarioTest" time="0.001"/>
</testsuite>